[2180:16396:0725/113415.185:INFO:components\enterprise\browser\controller\chrome_browser_cloud_management_controller.cc:202] No machine level policy manager exists.
[10976:2988:0725/113417.195:WARNING:net\spdy\spdy_session.cc:3054] Received HEADERS for invalid stream 3
[10976:2988:0725/113417.195:WARNING:net\spdy\spdy_session.cc:3054] Received HEADERS for invalid stream 1
[10976:2988:0725/113417.201:WARNING:net\spdy\spdy_session.cc:3054] Received HEADERS for invalid stream 5
[2180:16396:0725/113418.885:INFO:CONSOLE:4] "process.env.NODE_ENV production", source: https://bulenox.projectx.com/static/js/main.e71d4174.js (4)
[2180:16396:0725/113419.224:INFO:CONSOLE:2] "Service worker install", source: https://bulenox.projectx.com/service-worker.js (2)
[2180:16396:0725/113419.224:INFO:CONSOLE:8] "Service worker activate", source: https://bulenox.projectx.com/service-worker.js (8)
[2180:16396:0725/113419.224:INFO:CONSOLE:13] "Service worker activated and clients claimed.", source: https://bulenox.projectx.com/service-worker.js (13)
[2180:16396:0725/113419.235:INFO:CONSOLE:18] "Cache: ", source: https://bulenox.projectx.com/service-worker.js (18)
[2180:16396:0725/113420.870:INFO:CONSOLE:0] "[DOM] Input elements should have autocomplete attributes (suggested: "current-password"): (More info: https://goo.gl/9p2vKq) %o", source: https://bulenox.projectx.com/login (0)
[2180:16396:0725/113421.792:INFO:CONSOLE:4] "Time difference: 429 ms", source: https://bulenox.projectx.com/static/js/main.e71d4174.js (4)
[2180:16296:0725/113424.008:ERROR:google_apis\gcm\engine\registration_request.cc:291] Registration response error message: PHONE_REGISTRATION_ERROR
[2180:16296:0725/113424.010:ERROR:google_apis\gcm\engine\registration_request.cc:291] Registration response error message: PHONE_REGISTRATION_ERROR
[2180:16296:0725/113448.383:ERROR:google_apis\gcm\engine\registration_request.cc:291] Registration response error message: DEPRECATED_ENDPOINT
[2180:16296:0725/113536.284:ERROR:google_apis\gcm\engine\registration_request.cc:291] Registration response error message: DEPRECATED_ENDPOINT
[2180:16296:0725/113705.090:ERROR:google_apis\gcm\engine\registration_request.cc:291] Registration response error message: QUOTA_EXCEEDED
[2180:16396:0725/113800.082:INFO:CONSOLE:4] "Network speed changed 1", source: https://bulenox.projectx.com/static/js/main.e71d4174.js (4)
[2180:16396:0725/113800.814:INFO:CONSOLE:4] "Time difference: 428 ms", source: https://bulenox.projectx.com/static/js/main.e71d4174.js (4)
[2180:16396:0725/113800.817:INFO:CONSOLE:4] "Network speed changed 0", source: https://bulenox.projectx.com/static/js/main.e71d4174.js (4)
[2180:16396:0725/113801.072:INFO:CONSOLE:4] "[2025-07-25T08:38:01.072Z] Information: WebSocket connected to wss://userapi.bulenox.projectx.com/hubs/account?access_token=eyJhbGciOiJIUzI1NiIsInR5cCI6IkpXVCJ9.eyJodHRwOi8vc2NoZW1hcy54bWxzb2FwLm9yZy93cy8yMDA1LzA1L2lkZW50aXR5L2NsYWltcy9uYW1laWRlbnRpZmllciI6IjY1MzEiLCJodHRwOi8vc2NoZW1hcy54bWxzb2FwLm9yZy93cy8yMDA1LzA1L2lkZW50aXR5L2NsYWltcy9zaWQiOiI1YjdlZDM2NC04NDYwLTQxM2QtODBiMi01MmQzNWVkMzA0OWEiLCJodHRwOi8vc2NoZW1hcy54bWxzb2FwLm9yZy93cy8yMDA1LzA1L2lkZW50aXR5L2NsYWltcy9uYW1lIjoiYng2NDg4MyIsImh0dHA6Ly9zY2hlbWFzLm1pY3Jvc29mdC5jb20vd3MvMjAwOC8wNi9pZGVudGl0eS9jbGFpbXMvcm9sZSI6WyJ1c2VyIiwibWFya2V0OnRvYiJdLCJtZmEiOiJ2ZXJpZmllZCIsImV4cCI6MTc1NDAzNzQ3OX0.c_D_RHgrtDXR9gakSJT_bH9lwOShJVdvGqaK1NHBmhg.", source: https://bulenox.projectx.com/static/js/main.e71d4174.js (4)
[2180:16396:0725/113802.074:INFO:CONSOLE:4] "[2025-07-25T08:38:02.075Z] Information: WebSocket connected to wss://chartapi.bulenox.projectx.com/hubs/chart?access_token=eyJhbGciOiJIUzI1NiIsInR5cCI6IkpXVCJ9.eyJodHRwOi8vc2NoZW1hcy54bWxzb2FwLm9yZy93cy8yMDA1LzA1L2lkZW50aXR5L2NsYWltcy9uYW1laWRlbnRpZmllciI6IjY1MzEiLCJodHRwOi8vc2NoZW1hcy54bWxzb2FwLm9yZy93cy8yMDA1LzA1L2lkZW50aXR5L2NsYWltcy9zaWQiOiI1YjdlZDM2NC04NDYwLTQxM2QtODBiMi01MmQzNWVkMzA0OWEiLCJodHRwOi8vc2NoZW1hcy54bWxzb2FwLm9yZy93cy8yMDA1LzA1L2lkZW50aXR5L2NsYWltcy9uYW1lIjoiYng2NDg4MyIsImh0dHA6Ly9zY2hlbWFzLm1pY3Jvc29mdC5jb20vd3MvMjAwOC8wNi9pZGVudGl0eS9jbGFpbXMvcm9sZSI6WyJ1c2VyIiwibWFya2V0OnRvYiJdLCJtZmEiOiJ2ZXJpZmllZCIsImV4cCI6MTc1NDAzNzQ3OX0.c_D_RHgrtDXR9gakSJT_bH9lwOShJVdvGqaK1NHBmhg.", source: https://bulenox.projectx.com/static/js/main.e71d4174.js (4)
