2025-07-22 20:36:49,303 - [31m[1mWARNING: This is a development server. Do not use it in a production deployment. Use a production WSGI server instead.[0m
 * Running on all addresses (0.0.0.0)
 * Running on http://127.0.0.1:5000
 * Running on http://192.168.100.205:5000
2025-07-22 20:36:49,303 - [33mPress CTRL+C to quit[0m
2025-07-22 20:36:49,306 -  * Restarting with stat
2025-07-22 20:36:51,478 -  * Debugger is active!
2025-07-22 20:36:51,488 -  * Debugger PIN: 565-398-933
2025-07-22 20:37:30,547 - [31m[1mWARNING: This is a development server. Do not use it in a production deployment. Use a production WSGI server instead.[0m
 * Running on all addresses (0.0.0.0)
 * Running on http://127.0.0.1:5000
 * Running on http://192.168.100.205:5000
2025-07-22 20:37:30,548 - [33mPress CTRL+C to quit[0m
2025-07-22 20:37:30,550 -  * Restarting with stat
2025-07-22 20:37:32,617 -  * Debugger is active!
2025-07-22 20:37:32,623 -  * Debugger PIN: 565-398-933
2025-07-22 20:37:37,380 - [31m[1mWARNING: This is a development server. Do not use it in a production deployment. Use a production WSGI server instead.[0m
 * Running on all addresses (0.0.0.0)
 * Running on http://127.0.0.1:5000
 * Running on http://192.168.100.205:5000
2025-07-22 20:37:37,380 - [33mPress CTRL+C to quit[0m
2025-07-22 20:37:37,383 -  * Restarting with stat
2025-07-22 20:37:39,408 -  * Debugger is active!
2025-07-22 20:37:39,412 -  * Debugger PIN: 565-398-933
2025-07-22 20:37:47,942 - [31m[1mWARNING: This is a development server. Do not use it in a production deployment. Use a production WSGI server instead.[0m
 * Running on all addresses (0.0.0.0)
 * Running on http://127.0.0.1:5000
 * Running on http://192.168.100.205:5000
2025-07-22 20:37:47,942 - [33mPress CTRL+C to quit[0m
2025-07-22 20:37:47,944 -  * Restarting with stat
2025-07-22 20:37:49,910 -  * Debugger is active!
2025-07-22 20:37:49,915 -  * Debugger PIN: 565-398-933
2025-07-22 20:48:17,486 - [31m[1mWARNING: This is a development server. Do not use it in a production deployment. Use a production WSGI server instead.[0m
 * Running on all addresses (0.0.0.0)
 * Running on http://127.0.0.1:5000
 * Running on http://192.168.100.205:5000
2025-07-22 20:48:17,487 - [33mPress CTRL+C to quit[0m
2025-07-22 20:48:17,488 -  * Restarting with stat
2025-07-22 20:48:20,074 -  * Debugger is active!
2025-07-22 20:48:20,078 -  * Debugger PIN: 565-398-933
2025-07-22 20:48:29,212 - [31m[1mWARNING: This is a development server. Do not use it in a production deployment. Use a production WSGI server instead.[0m
 * Running on all addresses (0.0.0.0)
 * Running on http://127.0.0.1:5000
 * Running on http://192.168.100.205:5000
2025-07-22 20:48:29,212 - [33mPress CTRL+C to quit[0m
2025-07-22 20:48:29,214 -  * Restarting with stat
2025-07-22 20:48:31,516 -  * Debugger is active!
2025-07-22 20:48:31,519 -  * Debugger PIN: 565-398-933
2025-07-22 20:49:05,232 - [31m[1mWARNING: This is a development server. Do not use it in a production deployment. Use a production WSGI server instead.[0m
 * Running on all addresses (0.0.0.0)
 * Running on http://127.0.0.1:5000
 * Running on http://192.168.100.205:5000
2025-07-22 20:49:05,233 - [33mPress CTRL+C to quit[0m
2025-07-22 20:49:05,235 -  * Restarting with stat
2025-07-22 20:49:07,597 -  * Debugger is active!
2025-07-22 20:49:07,602 -  * Debugger PIN: 565-398-933
2025-07-22 20:49:30,830 - 127.0.0.1 - - [22/Jul/2025 20:49:30] "GET /api/health/broker/binance HTTP/1.1" 200 -
2025-07-22 20:49:42,140 - 127.0.0.1 - - [22/Jul/2025 20:49:42] "[35m[1mPOST /api/trade/stealth HTTP/1.1[0m" 500 -
2025-07-22 20:50:01,484 - 127.0.0.1 - - [22/Jul/2025 20:50:01] "[35m[1mPOST /api/trade/stealth HTTP/1.1[0m" 500 -
2025-07-22 21:18:53,669 - [31m[1mWARNING: This is a development server. Do not use it in a production deployment. Use a production WSGI server instead.[0m
 * Running on all addresses (0.0.0.0)
 * Running on http://127.0.0.1:5000
 * Running on http://192.168.100.205:5000
2025-07-22 21:18:53,669 - [33mPress CTRL+C to quit[0m
2025-07-22 21:18:53,670 -  * Restarting with stat
2025-07-22 21:18:55,536 -  * Debugger is active!
2025-07-22 21:18:55,541 -  * Debugger PIN: 565-398-933
2025-07-22 21:19:04,109 - [31m[1mWARNING: This is a development server. Do not use it in a production deployment. Use a production WSGI server instead.[0m
 * Running on all addresses (0.0.0.0)
 * Running on http://127.0.0.1:5000
 * Running on http://192.168.100.205:5000
2025-07-22 21:19:04,109 - [33mPress CTRL+C to quit[0m
2025-07-22 21:19:04,111 -  * Restarting with stat
2025-07-22 21:19:06,196 -  * Debugger is active!
2025-07-22 21:19:06,204 -  * Debugger PIN: 565-398-933
2025-07-22 21:19:22,091 - 127.0.0.1 - - [22/Jul/2025 21:19:22] "GET /api/health/broker/binance HTTP/1.1" 200 -
2025-07-22 21:19:35,088 - 127.0.0.1 - - [22/Jul/2025 21:19:35] "[35m[1mPOST /api/trade/stealth HTTP/1.1[0m" 500 -
2025-07-22 21:20:51,211 - [31m[1mWARNING: This is a development server. Do not use it in a production deployment. Use a production WSGI server instead.[0m
 * Running on all addresses (0.0.0.0)
 * Running on http://127.0.0.1:5000
 * Running on http://192.168.100.205:5000
2025-07-22 21:20:51,211 - [33mPress CTRL+C to quit[0m
2025-07-22 21:20:51,213 -  * Restarting with stat
2025-07-22 21:20:53,489 -  * Debugger is active!
2025-07-22 21:20:53,494 -  * Debugger PIN: 565-398-933
2025-07-22 21:21:04,599 - 127.0.0.1 - - [22/Jul/2025 21:21:04] "[35m[1mPOST /api/trade/stealth HTTP/1.1[0m" 500 -
2025-07-22 21:21:15,504 - 127.0.0.1 - - [22/Jul/2025 21:21:15] "[35m[1mPOST /api/trade/stealth HTTP/1.1[0m" 500 -
2025-07-22 21:21:37,763 -  * Detected change in 'C:\\Users\\Admin\\Downloads\\ai-trading-sentinel\\backend\\utils\\executor_stealth.py', reloading
2025-07-22 21:21:37,905 -  * Restarting with stat
2025-07-22 21:21:38,258 -  * Detected change in 'C:\\Users\\Admin\\Downloads\\ai-trading-sentinel\\backend\\utils\\executor_stealth.py', reloading
2025-07-22 21:21:38,383 -  * Restarting with stat
2025-07-22 21:21:40,423 -  * Debugger is active!
2025-07-22 21:21:40,430 -  * Debugger PIN: 565-398-933
2025-07-22 21:21:41,812 -  * Debugger is active!
2025-07-22 21:21:41,822 -  * Debugger PIN: 565-398-933
2025-07-22 21:21:42,854 -  * Detected change in 'C:\\Users\\Admin\\Downloads\\ai-trading-sentinel\\backend\\utils\\executor_stealth.py', reloading
2025-07-22 21:21:42,999 -  * Restarting with stat
2025-07-22 21:21:43,494 -  * Detected change in 'C:\\Users\\Admin\\Downloads\\ai-trading-sentinel\\backend\\utils\\executor_stealth.py', reloading
2025-07-22 21:21:43,674 -  * Restarting with stat
2025-07-22 21:21:46,020 -  * Debugger is active!
2025-07-22 21:21:46,029 -  * Debugger PIN: 565-398-933
2025-07-22 21:21:46,783 -  * Debugger is active!
2025-07-22 21:21:46,792 -  * Debugger PIN: 565-398-933
2025-07-22 21:21:54,807 - [31m[1mWARNING: This is a development server. Do not use it in a production deployment. Use a production WSGI server instead.[0m
 * Running on all addresses (0.0.0.0)
 * Running on http://127.0.0.1:5000
 * Running on http://192.168.100.205:5000
2025-07-22 21:21:54,807 - [33mPress CTRL+C to quit[0m
2025-07-22 21:21:54,809 -  * Restarting with stat
2025-07-22 21:21:56,975 -  * Debugger is active!
2025-07-22 21:21:56,983 -  * Debugger PIN: 565-398-933
2025-07-22 21:22:08,571 - [31m[1mWARNING: This is a development server. Do not use it in a production deployment. Use a production WSGI server instead.[0m
 * Running on all addresses (0.0.0.0)
 * Running on http://127.0.0.1:5000
 * Running on http://192.168.100.205:5000
2025-07-22 21:22:08,571 - [33mPress CTRL+C to quit[0m
2025-07-22 21:22:08,572 -  * Restarting with stat
2025-07-22 21:22:11,318 -  * Debugger is active!
2025-07-22 21:22:11,338 -  * Debugger PIN: 565-398-933
2025-07-22 21:22:34,037 - patching driver executable C:\Users\Admin\appdata\roaming\undetected_chromedriver\undetected_chromedriver.exe
2025-07-22 21:22:38,385 - 127.0.0.1 - - [22/Jul/2025 21:22:38] "[35m[1mPOST /api/trade/stealth HTTP/1.1[0m" 500 -
2025-07-22 21:22:48,686 -  * Detected change in 'C:\\Users\\Admin\\Downloads\\ai-trading-sentinel\\backend\\utils\\executor_stealth.py', reloading
2025-07-22 21:22:48,717 -  * Detected change in 'C:\\Users\\Admin\\Downloads\\ai-trading-sentinel\\backend\\utils\\executor_stealth.py', reloading
2025-07-22 21:22:48,718 - ensuring close
2025-07-22 21:22:48,825 -  * Restarting with stat
2025-07-22 21:22:48,899 -  * Restarting with stat
2025-07-22 21:22:51,655 -  * Debugger is active!
2025-07-22 21:22:51,655 -  * Debugger is active!
2025-07-22 21:22:51,663 -  * Debugger PIN: 565-398-933
2025-07-22 21:22:51,663 -  * Debugger PIN: 565-398-933
2025-07-22 21:22:57,733 -  * Detected change in 'C:\\Users\\Admin\\Downloads\\ai-trading-sentinel\\backend\\utils\\executor_stealth.py', reloading
2025-07-22 21:22:57,733 -  * Detected change in 'C:\\Users\\Admin\\Downloads\\ai-trading-sentinel\\backend\\utils\\executor_stealth.py', reloading
2025-07-22 21:22:57,883 -  * Restarting with stat
2025-07-22 21:22:57,885 -  * Restarting with stat
2025-07-22 21:23:00,619 -  * Debugger is active!
2025-07-22 21:23:00,625 -  * Debugger PIN: 565-398-933
2025-07-22 21:23:01,178 -  * Debugger is active!
2025-07-22 21:23:01,189 -  * Debugger PIN: 565-398-933
2025-07-22 21:23:03,679 -  * Detected change in 'C:\\Users\\Admin\\Downloads\\ai-trading-sentinel\\backend\\utils\\executor_stealth.py', reloading
2025-07-22 21:23:03,851 -  * Restarting with stat
2025-07-22 21:23:04,253 -  * Detected change in 'C:\\Users\\Admin\\Downloads\\ai-trading-sentinel\\backend\\utils\\executor_stealth.py', reloading
2025-07-22 21:23:04,396 -  * Restarting with stat
2025-07-22 21:23:07,030 -  * Debugger is active!
2025-07-22 21:23:07,036 -  * Debugger PIN: 565-398-933
2025-07-22 21:23:07,770 -  * Debugger is active!
2025-07-22 21:23:07,789 -  * Debugger PIN: 565-398-933
2025-07-22 21:23:10,844 -  * Detected change in 'C:\\Users\\Admin\\Downloads\\ai-trading-sentinel\\backend\\utils\\executor_stealth.py', reloading
2025-07-22 21:23:10,938 -  * Restarting with stat
2025-07-22 21:23:11,155 -  * Detected change in 'C:\\Users\\Admin\\Downloads\\ai-trading-sentinel\\backend\\utils\\executor_stealth.py', reloading
2025-07-22 21:23:11,279 -  * Restarting with stat
2025-07-22 21:23:14,151 -  * Debugger is active!
2025-07-22 21:23:14,201 -  * Debugger PIN: 565-398-933
2025-07-22 21:23:14,588 -  * Debugger is active!
2025-07-22 21:23:14,596 -  * Debugger PIN: 565-398-933
2025-07-22 21:23:24,755 - [31m[1mWARNING: This is a development server. Do not use it in a production deployment. Use a production WSGI server instead.[0m
 * Running on all addresses (0.0.0.0)
 * Running on http://127.0.0.1:5000
 * Running on http://192.168.100.205:5000
2025-07-22 21:23:24,755 - [33mPress CTRL+C to quit[0m
2025-07-22 21:23:24,758 -  * Restarting with stat
2025-07-22 21:23:27,118 -  * Debugger is active!
2025-07-22 21:23:27,123 -  * Debugger PIN: 565-398-933
2025-07-22 21:23:53,668 - [31m[1mWARNING: This is a development server. Do not use it in a production deployment. Use a production WSGI server instead.[0m
 * Running on all addresses (0.0.0.0)
 * Running on http://127.0.0.1:5000
 * Running on http://192.168.100.205:5000
2025-07-22 21:23:53,668 - [33mPress CTRL+C to quit[0m
2025-07-22 21:23:53,671 -  * Restarting with stat
2025-07-22 21:23:55,768 -  * Debugger is active!
2025-07-22 21:23:55,776 -  * Debugger PIN: 565-398-933
2025-07-22 21:24:22,602 - patching driver executable C:\Users\Admin\appdata\roaming\undetected_chromedriver\undetected_chromedriver.exe
2025-07-22 21:24:29,368 - 127.0.0.1 - - [22/Jul/2025 21:24:29] "POST /api/trade/stealth HTTP/1.1" 200 -
2025-07-22 21:24:43,295 - 127.0.0.1 - - [22/Jul/2025 21:24:43] "[35m[1mPOST /api/trade/stealth HTTP/1.1[0m" 500 -
2025-07-22 21:32:15,300 -  * Detected change in 'C:\\Users\\Admin\\Downloads\\ai-trading-sentinel\\backend\\utils\\executor_stealth.py', reloading
2025-07-22 21:32:15,431 -  * Restarting with stat
2025-07-22 21:32:15,966 -  * Detected change in 'C:\\Users\\Admin\\Downloads\\ai-trading-sentinel\\backend\\utils\\executor_stealth.py', reloading
2025-07-22 21:32:15,967 - ensuring close
2025-07-22 21:32:15,967 - ensuring close
2025-07-22 21:32:16,085 -  * Restarting with stat
2025-07-22 21:32:17,555 -  * Debugger is active!
2025-07-22 21:32:17,564 -  * Debugger PIN: 565-398-933
2025-07-22 21:32:18,044 -  * Debugger is active!
2025-07-22 21:32:18,047 -  * Debugger PIN: 565-398-933
2025-07-22 21:32:21,617 -  * Detected change in 'C:\\Users\\Admin\\Downloads\\ai-trading-sentinel\\backend\\utils\\executor_stealth.py', reloading
2025-07-22 21:32:21,808 -  * Restarting with stat
2025-07-22 21:32:22,083 -  * Detected change in 'C:\\Users\\Admin\\Downloads\\ai-trading-sentinel\\backend\\utils\\executor_stealth.py', reloading
2025-07-22 21:32:22,190 -  * Restarting with stat
2025-07-22 21:32:29,081 -  * Debugger is active!
2025-07-22 21:32:29,081 -  * Debugger is active!
2025-07-22 21:32:29,085 -  * Debugger PIN: 565-398-933
2025-07-22 21:32:29,085 -  * Debugger PIN: 565-398-933
2025-07-22 21:32:46,187 -  * Detected change in 'C:\\Users\\Admin\\Downloads\\ai-trading-sentinel\\backend\\utils\\executor_stealth.py', reloading
2025-07-22 21:32:46,188 -  * Detected change in 'C:\\Users\\Admin\\Downloads\\ai-trading-sentinel\\backend\\utils\\executor_stealth.py', reloading
2025-07-22 21:32:46,383 -  * Restarting with stat
2025-07-22 21:32:46,386 -  * Restarting with stat
2025-07-22 21:32:49,061 -  * Debugger is active!
2025-07-22 21:32:49,065 -  * Debugger PIN: 565-398-933
2025-07-22 21:32:49,120 -  * Debugger is active!
2025-07-22 21:32:49,124 -  * Debugger PIN: 565-398-933
2025-07-22 21:32:59,190 -  * Detected change in 'C:\\Users\\Admin\\Downloads\\ai-trading-sentinel\\backend\\utils\\executor_stealth.py', reloading
2025-07-22 21:32:59,506 -  * Restarting with stat
2025-07-22 21:32:59,517 -  * Detected change in 'C:\\Users\\Admin\\Downloads\\ai-trading-sentinel\\backend\\utils\\executor_stealth.py', reloading
2025-07-22 21:32:59,857 -  * Restarting with stat
2025-07-22 21:33:03,573 -  * Debugger is active!
2025-07-22 21:33:03,578 -  * Debugger PIN: 565-398-933
2025-07-22 21:33:03,675 -  * Debugger is active!
2025-07-22 21:33:03,684 -  * Debugger PIN: 565-398-933
2025-07-22 21:33:16,767 -  * Detected change in 'C:\\Users\\Admin\\Downloads\\ai-trading-sentinel\\backend\\utils\\executor_stealth.py', reloading
2025-07-22 21:33:16,826 -  * Detected change in 'C:\\Users\\Admin\\Downloads\\ai-trading-sentinel\\backend\\utils\\executor_stealth.py', reloading
2025-07-22 21:33:16,892 -  * Restarting with stat
2025-07-22 21:33:16,940 -  * Restarting with stat
2025-07-22 21:33:20,764 -  * Debugger is active!
2025-07-22 21:33:20,768 -  * Debugger PIN: 565-398-933
2025-07-22 21:33:20,772 -  * Debugger is active!
2025-07-22 21:33:20,779 -  * Debugger PIN: 565-398-933
2025-07-22 21:33:32,019 -  * Detected change in 'C:\\Users\\Admin\\Downloads\\ai-trading-sentinel\\backend\\utils\\executor_stealth.py', reloading
2025-07-22 21:33:32,215 -  * Restarting with stat
2025-07-22 21:33:32,921 -  * Detected change in 'C:\\Users\\Admin\\Downloads\\ai-trading-sentinel\\backend\\utils\\executor_stealth.py', reloading
2025-07-22 21:33:33,154 -  * Restarting with stat
2025-07-22 21:33:35,669 -  * Debugger is active!
2025-07-22 21:33:35,687 -  * Debugger PIN: 565-398-933
2025-07-22 21:33:36,635 -  * Debugger is active!
2025-07-22 21:33:36,650 -  * Debugger PIN: 565-398-933
2025-07-22 21:33:53,841 -  * Detected change in 'C:\\Users\\Admin\\Downloads\\ai-trading-sentinel\\backend\\utils\\executor_stealth.py', reloading
2025-07-22 21:33:53,869 -  * Detected change in 'C:\\Users\\Admin\\Downloads\\ai-trading-sentinel\\backend\\utils\\executor_stealth.py', reloading
2025-07-22 21:33:54,169 -  * Restarting with stat
2025-07-22 21:33:54,190 -  * Restarting with stat
2025-07-22 21:33:57,998 -  * Debugger is active!
2025-07-22 21:33:58,013 -  * Debugger is active!
2025-07-22 21:33:58,020 -  * Debugger PIN: 565-398-933
2025-07-22 21:33:58,026 -  * Debugger PIN: 565-398-933
2025-07-22 21:34:11,193 -  * Detected change in 'C:\\Users\\Admin\\Downloads\\ai-trading-sentinel\\backend\\utils\\executor_stealth.py', reloading
2025-07-22 21:34:11,193 -  * Detected change in 'C:\\Users\\Admin\\Downloads\\ai-trading-sentinel\\backend\\utils\\executor_stealth.py', reloading
2025-07-22 21:34:11,421 -  * Restarting with stat
2025-07-22 21:34:11,438 -  * Restarting with stat
2025-07-22 21:34:15,236 -  * Debugger is active!
2025-07-22 21:34:15,243 -  * Debugger PIN: 565-398-933
2025-07-22 21:34:15,355 -  * Debugger is active!
2025-07-22 21:34:15,364 -  * Debugger PIN: 565-398-933
2025-07-22 21:34:33,436 -  * Detected change in 'C:\\Users\\Admin\\Downloads\\ai-trading-sentinel\\backend\\utils\\executor_stealth.py', reloading
2025-07-22 21:34:33,537 -  * Detected change in 'C:\\Users\\Admin\\Downloads\\ai-trading-sentinel\\backend\\utils\\executor_stealth.py', reloading
2025-07-22 21:34:33,625 -  * Restarting with stat
2025-07-22 21:34:33,737 -  * Restarting with stat
2025-07-22 21:34:37,883 -  * Debugger is active!
2025-07-22 21:34:37,893 -  * Debugger PIN: 565-398-933
2025-07-22 21:34:37,919 -  * Debugger is active!
2025-07-22 21:34:37,930 -  * Debugger PIN: 565-398-933
2025-07-22 21:35:02,679 - patching driver executable C:\Users\Admin\appdata\roaming\undetected_chromedriver\undetected_chromedriver.exe
2025-07-22 21:35:14,670 - 127.0.0.1 - - [22/Jul/2025 21:35:14] "[35m[1mPOST /api/trade/stealth HTTP/1.1[0m" 500 -
2025-07-22 21:37:53,989 - patching driver executable C:\Users\Admin\appdata\roaming\undetected_chromedriver\undetected_chromedriver.exe
2025-07-22 21:38:06,001 - 127.0.0.1 - - [22/Jul/2025 21:38:06] "[35m[1mPOST /api/trade/stealth HTTP/1.1[0m" 500 -
2025-07-22 22:32:06,120 -  * Detected change in 'C:\\Users\\Admin\\Downloads\\ai-trading-sentinel\\backend\\utils\\executor_stealth.py', reloading
2025-07-22 22:32:06,164 -  * Detected change in 'C:\\Users\\Admin\\Downloads\\ai-trading-sentinel\\backend\\utils\\executor_stealth.py', reloading
2025-07-22 22:32:06,177 - ensuring close
2025-07-22 22:32:06,178 - ensuring close
2025-07-22 22:32:06,419 -  * Restarting with stat
2025-07-22 22:32:06,554 -  * Restarting with stat
2025-07-22 22:32:09,990 -  * Debugger is active!
2025-07-22 22:32:09,993 -  * Debugger is active!
2025-07-22 22:32:10,001 -  * Debugger PIN: 565-398-933
2025-07-22 22:32:10,003 -  * Debugger PIN: 565-398-933
2025-07-22 22:32:23,114 -  * Detected change in 'C:\\Users\\Admin\\Downloads\\ai-trading-sentinel\\backend\\utils\\executor_stealth.py', reloading
2025-07-22 22:32:23,118 -  * Detected change in 'C:\\Users\\Admin\\Downloads\\ai-trading-sentinel\\backend\\utils\\executor_stealth.py', reloading
2025-07-22 22:32:23,321 -  * Restarting with stat
2025-07-22 22:32:23,339 -  * Restarting with stat
2025-07-22 22:32:26,123 -  * Debugger is active!
2025-07-22 22:32:26,123 -  * Debugger is active!
2025-07-22 22:32:26,128 -  * Debugger PIN: 565-398-933
2025-07-22 22:32:26,128 -  * Debugger PIN: 565-398-933
2025-07-22 22:32:46,289 -  * Detected change in 'C:\\Users\\Admin\\Downloads\\ai-trading-sentinel\\backend\\utils\\executor_stealth.py', reloading
2025-07-22 22:32:46,300 -  * Detected change in 'C:\\Users\\Admin\\Downloads\\ai-trading-sentinel\\backend\\utils\\executor_stealth.py', reloading
2025-07-22 22:32:46,417 -  * Restarting with stat
2025-07-22 22:32:46,428 -  * Restarting with stat
2025-07-22 22:32:48,826 -  * Debugger is active!
2025-07-22 22:32:48,832 -  * Debugger PIN: 565-398-933
2025-07-22 22:33:04,008 -  * Detected change in 'C:\\Users\\Admin\\Downloads\\ai-trading-sentinel\\backend\\utils\\executor_stealth.py', reloading
2025-07-22 22:33:04,008 -  * Detected change in 'C:\\Users\\Admin\\Downloads\\ai-trading-sentinel\\backend\\utils\\executor_stealth.py', reloading
2025-07-22 22:33:04,211 -  * Restarting with stat
2025-07-22 22:33:04,211 -  * Restarting with stat
2025-07-22 22:33:07,791 -  * Debugger is active!
2025-07-22 22:33:07,794 -  * Debugger is active!
2025-07-22 22:33:07,801 -  * Debugger PIN: 565-398-933
2025-07-22 22:33:07,805 -  * Debugger PIN: 565-398-933
2025-07-22 22:33:14,888 -  * Detected change in 'C:\\Users\\Admin\\Downloads\\ai-trading-sentinel\\backend\\utils\\executor_stealth.py', reloading
2025-07-22 22:33:14,894 -  * Detected change in 'C:\\Users\\Admin\\Downloads\\ai-trading-sentinel\\backend\\utils\\executor_stealth.py', reloading
2025-07-22 22:33:15,140 -  * Restarting with stat
2025-07-22 22:33:15,152 -  * Restarting with stat
2025-07-22 22:33:18,124 -  * Debugger is active!
2025-07-22 22:33:18,128 -  * Debugger PIN: 565-398-933
2025-07-22 22:33:18,144 -  * Debugger is active!
2025-07-22 22:33:18,149 -  * Debugger PIN: 565-398-933
2025-07-22 22:33:47,370 -  * Detected change in 'C:\\Users\\Admin\\Downloads\\ai-trading-sentinel\\backend\\utils\\executor_stealth.py', reloading
2025-07-22 22:33:47,381 -  * Detected change in 'C:\\Users\\Admin\\Downloads\\ai-trading-sentinel\\backend\\utils\\executor_stealth.py', reloading
2025-07-22 22:33:47,543 -  * Restarting with stat
2025-07-22 22:33:47,554 -  * Restarting with stat
2025-07-22 22:33:50,693 -  * Debugger is active!
2025-07-22 22:33:50,702 -  * Debugger PIN: 565-398-933
2025-07-22 22:33:50,728 -  * Debugger is active!
2025-07-22 22:33:50,735 -  * Debugger PIN: 565-398-933
2025-07-22 22:35:51,181 -  * Detected change in 'C:\\Users\\Admin\\Downloads\\ai-trading-sentinel\\backend\\utils\\executor_stealth.py', reloading
2025-07-22 22:35:51,198 -  * Detected change in 'C:\\Users\\Admin\\Downloads\\ai-trading-sentinel\\backend\\utils\\executor_stealth.py', reloading
2025-07-22 22:35:51,441 -  * Restarting with stat
2025-07-22 22:35:51,441 -  * Restarting with stat
2025-07-22 22:35:54,493 -  * Debugger is active!
2025-07-22 22:35:54,498 -  * Debugger PIN: 565-398-933
2025-07-22 22:35:54,502 -  * Debugger is active!
2025-07-22 22:35:54,507 -  * Debugger PIN: 565-398-933
2025-07-22 22:36:13,667 -  * Detected change in 'C:\\Users\\Admin\\Downloads\\ai-trading-sentinel\\backend\\utils\\executor_stealth.py', reloading
2025-07-22 22:36:13,673 -  * Detected change in 'C:\\Users\\Admin\\Downloads\\ai-trading-sentinel\\backend\\utils\\executor_stealth.py', reloading
2025-07-22 22:36:13,827 -  * Restarting with stat
2025-07-22 22:36:13,827 -  * Restarting with stat
2025-07-22 22:36:18,443 -  * Debugger is active!
2025-07-22 22:36:18,450 -  * Debugger PIN: 565-398-933
2025-07-22 22:36:18,452 -  * Debugger is active!
2025-07-22 22:36:18,458 -  * Debugger PIN: 565-398-933
2025-07-22 22:37:04,789 -  * Detected change in 'C:\\Users\\Admin\\Downloads\\ai-trading-sentinel\\backend\\utils\\executor_stealth.py', reloading
2025-07-22 22:37:04,817 -  * Detected change in 'C:\\Users\\Admin\\Downloads\\ai-trading-sentinel\\backend\\utils\\executor_stealth.py', reloading
2025-07-22 22:37:05,018 -  * Restarting with stat
2025-07-22 22:37:05,062 -  * Restarting with stat
2025-07-22 22:37:08,396 -  * Debugger is active!
2025-07-22 22:37:08,400 -  * Debugger PIN: 565-398-933
2025-07-22 22:37:09,069 -  * Debugger is active!
2025-07-22 22:37:09,106 -  * Debugger PIN: 565-398-933
2025-07-22 22:37:27,298 -  * Detected change in 'C:\\Users\\Admin\\Downloads\\ai-trading-sentinel\\backend\\utils\\executor_stealth.py', reloading
2025-07-22 22:37:27,579 -  * Detected change in 'C:\\Users\\Admin\\Downloads\\ai-trading-sentinel\\backend\\utils\\executor_stealth.py', reloading
2025-07-22 22:37:27,655 -  * Restarting with stat
2025-07-22 22:37:27,826 -  * Restarting with stat
2025-07-22 22:37:31,437 -  * Debugger is active!
2025-07-22 22:37:31,513 -  * Debugger PIN: 565-398-933
2025-07-22 22:37:31,599 -  * Debugger is active!
2025-07-22 22:37:31,611 -  * Debugger PIN: 565-398-933
2025-07-22 22:38:00,779 -  * Detected change in 'C:\\Users\\Admin\\Downloads\\ai-trading-sentinel\\backend\\utils\\executor_stealth.py', reloading
2025-07-22 22:38:00,841 -  * Detected change in 'C:\\Users\\Admin\\Downloads\\ai-trading-sentinel\\backend\\utils\\executor_stealth.py', reloading
2025-07-22 22:38:00,997 -  * Restarting with stat
2025-07-22 22:38:01,044 -  * Restarting with stat
2025-07-22 22:38:04,701 -  * Debugger is active!
2025-07-22 22:38:04,711 -  * Debugger PIN: 565-398-933
2025-07-22 22:38:04,835 -  * Debugger is active!
2025-07-22 22:38:04,844 -  * Debugger PIN: 565-398-933
2025-07-22 22:38:51,688 - 127.0.0.1 - - [22/Jul/2025 22:38:51] "[31m[1mPOST /api/trade/stealth HTTP/1.1[0m" 400 -
2025-07-22 22:39:14,741 - Using Chrome profile: C:\Users\Admin\AppData\Local\Google\Chrome\User Data with profile Profile 13
2025-07-22 22:39:14,742 - 127.0.0.1 - - [22/Jul/2025 22:39:14] "[35m[1mPOST /api/trade/stealth HTTP/1.1[0m" 500 -
2025-07-22 22:39:26,897 - Using Chrome profile: C:\Users\Admin\AppData\Local\Google\Chrome\User Data with profile Profile 13
2025-07-22 22:39:26,898 - 127.0.0.1 - - [22/Jul/2025 22:39:26] "[35m[1mPOST /api/trade/stealth HTTP/1.1[0m" 500 -
2025-07-22 22:40:11,091 -  * Detected change in 'C:\\Users\\Admin\\Downloads\\ai-trading-sentinel\\backend\\utils\\executor_stealth.py', reloading
2025-07-22 22:40:11,234 -  * Detected change in 'C:\\Users\\Admin\\Downloads\\ai-trading-sentinel\\backend\\utils\\executor_stealth.py', reloading
2025-07-22 22:40:11,400 -  * Restarting with stat
2025-07-22 22:40:11,601 -  * Restarting with stat
2025-07-22 22:40:14,921 -  * Debugger is active!
2025-07-22 22:40:14,929 -  * Debugger PIN: 565-398-933
2025-07-22 22:40:14,957 -  * Debugger is active!
2025-07-22 22:40:14,967 -  * Debugger PIN: 565-398-933
2025-07-22 22:40:22,942 - Using Chrome profile: C:\Users\Admin\AppData\Local\Google\Chrome\User Data with profile Profile 13
2025-07-22 22:40:22,943 - ChromeDriver path not found: D:\aibot\chromedriver-win64\chromedriver-win64\chromedriver.exe. Falling back to undetected_chromedriver.
2025-07-22 22:40:22,943 - Using undetected_chromedriver for browser automation
2025-07-22 22:40:31,982 - patching driver executable C:\Users\Admin\appdata\roaming\undetected_chromedriver\undetected_chromedriver.exe
2025-07-22 22:40:36,683 - Failed to initialize Chrome driver: Message: invalid argument: cannot parse capability: goog:chromeOptions
from invalid argument: unrecognized chrome option: detach
Stacktrace:
	GetHandleVerifier [0x0x841a33+62339]
	GetHandleVerifier [0x0x841a74+62404]
	(No symbol) [0x0x682123]
	(No symbol) [0x0x6a9693]
	(No symbol) [0x0x6aae20]
	(No symbol) [0x0x6a5f5a]
	(No symbol) [0x0x6f9782]
	(No symbol) [0x0x6f926c]
	(No symbol) [0x0x6fa960]
	(No symbol) [0x0x6fa76a]
	(No symbol) [0x0x6ef1b6]
	(No symbol) [0x0x6be7a2]
	(No symbol) [0x0x6bf644]
	GetHandleVerifier [0x0xab65c3+2637587]
	GetHandleVerifier [0x0xab19ca+2618138]
	GetHandleVerifier [0x0x8684aa+220666]
	GetHandleVerifier [0x0x8588d8+156200]
	GetHandleVerifier [0x0x85f06d+182717]
	GetHandleVerifier [0x0x849978+94920]
	GetHandleVerifier [0x0x849b02+95314]
	GetHandleVerifier [0x0x834c4a+9626]
	BaseThreadInitThunk [0x0x76b7fcc9+25]
	RtlGetAppContainerNamedObjectPath [0x0x77d182ae+286]
	RtlGetAppContainerNamedObjectPath [0x0x77d1827e+238]

2025-07-22 22:40:36,684 - 127.0.0.1 - - [22/Jul/2025 22:40:36] "[35m[1mPOST /api/trade/stealth HTTP/1.1[0m" 500 -
2025-07-22 22:40:48,251 -  * Detected change in 'C:\\Users\\Admin\\Downloads\\ai-trading-sentinel\\backend\\utils\\executor_stealth.py', reloading
2025-07-22 22:40:48,283 -  * Detected change in 'C:\\Users\\Admin\\Downloads\\ai-trading-sentinel\\backend\\utils\\executor_stealth.py', reloading
2025-07-22 22:40:48,284 - ensuring close
2025-07-22 22:40:48,692 -  * Restarting with stat
2025-07-22 22:40:48,856 -  * Restarting with stat
2025-07-22 22:40:54,043 -  * Debugger is active!
2025-07-22 22:40:54,051 -  * Debugger PIN: 565-398-933
2025-07-22 22:40:54,053 -  * Debugger PIN: 565-398-933
2025-07-22 22:41:01,015 - Using Chrome profile: C:\Users\Admin\AppData\Local\Google\Chrome\User Data with profile Profile 13
2025-07-22 22:41:01,015 - ChromeDriver path not found: D:\aibot\chromedriver-win64\chromedriver-win64\chromedriver.exe. Falling back to undetected_chromedriver.
2025-07-22 22:41:01,015 - Using undetected_chromedriver for browser automation
2025-07-22 22:41:08,996 - patching driver executable C:\Users\Admin\appdata\roaming\undetected_chromedriver\undetected_chromedriver.exe
2025-07-22 22:41:16,938 - Using Chrome profile: C:\Users\Admin\AppData\Local\Google\Chrome\User Data with profile Profile 13
2025-07-22 22:41:16,939 - ChromeDriver path not found: D:\aibot\chromedriver-win64\chromedriver-win64\chromedriver.exe. Falling back to undetected_chromedriver.
2025-07-22 22:41:16,939 - Using undetected_chromedriver for browser automation
2025-07-22 22:42:16,318 - Failed to initialize Chrome driver: Message: session not created: cannot connect to chrome at 127.0.0.1:50436
from chrome not reachable; For documentation on this error, please visit: https://www.selenium.dev/documentation/webdriver/troubleshooting/errors#sessionnotcreatedexception
Stacktrace:
	GetHandleVerifier [0x0xb31a33+62339]
	GetHandleVerifier [0x0xb31a74+62404]
	(No symbol) [0x0x971f80]
	(No symbol) [0x0x965f2a]
	(No symbol) [0x0x9aadc6]
	(No symbol) [0x0x9a128f]
	(No symbol) [0x0x9a10c6]
	(No symbol) [0x0x9eae77]
	(No symbol) [0x0x9ea76a]
	(No symbol) [0x0x9df1b6]
	(No symbol) [0x0x9ae7a2]
	(No symbol) [0x0x9af644]
	GetHandleVerifier [0x0xda65c3+2637587]
	GetHandleVerifier [0x0xda19ca+2618138]
	GetHandleVerifier [0x0xb584aa+220666]
	GetHandleVerifier [0x0xb488d8+156200]
	GetHandleVerifier [0x0xb4f06d+182717]
	GetHandleVerifier [0x0xb39978+94920]
	GetHandleVerifier [0x0xb39b02+95314]
	GetHandleVerifier [0x0xb24c4a+9626]
	BaseThreadInitThunk [0x0x76b7fcc9+25]
	RtlGetAppContainerNamedObjectPath [0x0x77d182ae+286]
	RtlGetAppContainerNamedObjectPath [0x0x77d1827e+238]

2025-07-22 22:42:16,319 - 127.0.0.1 - - [22/Jul/2025 22:42:16] "[35m[1mPOST /api/trade/stealth HTTP/1.1[0m" 500 -
2025-07-22 22:42:20,257 - Failed to initialize Chrome driver: Message: session not created: cannot connect to chrome at 127.0.0.1:50458
from chrome not reachable; For documentation on this error, please visit: https://www.selenium.dev/documentation/webdriver/troubleshooting/errors#sessionnotcreatedexception
Stacktrace:
	GetHandleVerifier [0x0xb31a33+62339]
	GetHandleVerifier [0x0xb31a74+62404]
	(No symbol) [0x0x971f80]
	(No symbol) [0x0x965f2a]
	(No symbol) [0x0x9aadc6]
	(No symbol) [0x0x9a128f]
	(No symbol) [0x0x9a10c6]
	(No symbol) [0x0x9eae77]
	(No symbol) [0x0x9ea76a]
	(No symbol) [0x0x9df1b6]
	(No symbol) [0x0x9ae7a2]
	(No symbol) [0x0x9af644]
	GetHandleVerifier [0x0xda65c3+2637587]
	GetHandleVerifier [0x0xda19ca+2618138]
	GetHandleVerifier [0x0xb584aa+220666]
	GetHandleVerifier [0x0xb488d8+156200]
	GetHandleVerifier [0x0xb4f06d+182717]
	GetHandleVerifier [0x0xb39978+94920]
	GetHandleVerifier [0x0xb39b02+95314]
	GetHandleVerifier [0x0xb24c4a+9626]
	BaseThreadInitThunk [0x0x76b7fcc9+25]
	RtlGetAppContainerNamedObjectPath [0x0x77d182ae+286]
	RtlGetAppContainerNamedObjectPath [0x0x77d1827e+238]

2025-07-22 22:42:20,257 - 127.0.0.1 - - [22/Jul/2025 22:42:20] "[35m[1mPOST /api/trade/stealth HTTP/1.1[0m" 500 -
2025-07-22 22:42:42,060 -  * Detected change in 'C:\\Users\\Admin\\Downloads\\ai-trading-sentinel\\backend\\utils\\executor_stealth.py', reloading
2025-07-22 22:42:42,174 -  * Detected change in 'C:\\Users\\Admin\\Downloads\\ai-trading-sentinel\\backend\\utils\\executor_stealth.py', reloading
2025-07-22 22:42:42,175 - ensuring close
2025-07-22 22:42:42,175 - ensuring close
2025-07-22 22:42:42,187 -  * Restarting with stat
2025-07-22 22:42:42,389 -  * Restarting with stat
2025-07-22 22:42:45,969 -  * Debugger is active!
2025-07-22 22:42:45,971 -  * Debugger is active!
2025-07-22 22:42:45,977 -  * Debugger PIN: 565-398-933
2025-07-22 22:42:45,980 -  * Debugger PIN: 565-398-933
2025-07-22 22:43:46,862 - Using Chrome profile: C:\Users\Admin\AppData\Local\Google\Chrome\User Data with profile Profile 13
2025-07-22 22:43:46,862 - Attempt 3: Using undetected_chromedriver
2025-07-22 22:43:59,238 - patching driver executable C:\Users\Admin\appdata\roaming\undetected_chromedriver\undetected_chromedriver.exe
2025-07-22 22:45:05,234 - Failed to initialize undetected_chromedriver: Message: session not created: cannot connect to chrome at 127.0.0.1:50875
from chrome not reachable; For documentation on this error, please visit: https://www.selenium.dev/documentation/webdriver/troubleshooting/errors#sessionnotcreatedexception
Stacktrace:
	GetHandleVerifier [0x0x11d1a33+62339]
	GetHandleVerifier [0x0x11d1a74+62404]
	(No symbol) [0x0x1011f80]
	(No symbol) [0x0x1005f2a]
	(No symbol) [0x0x104adc6]
	(No symbol) [0x0x104128f]
	(No symbol) [0x0x10410c6]
	(No symbol) [0x0x108ae77]
	(No symbol) [0x0x108a76a]
	(No symbol) [0x0x107f1b6]
	(No symbol) [0x0x104e7a2]
	(No symbol) [0x0x104f644]
	GetHandleVerifier [0x0x14465c3+2637587]
	GetHandleVerifier [0x0x14419ca+2618138]
	GetHandleVerifier [0x0x11f84aa+220666]
	GetHandleVerifier [0x0x11e88d8+156200]
	GetHandleVerifier [0x0x11ef06d+182717]
	GetHandleVerifier [0x0x11d9978+94920]
	GetHandleVerifier [0x0x11d9b02+95314]
	GetHandleVerifier [0x0x11c4c4a+9626]
	BaseThreadInitThunk [0x0x76b7fcc9+25]
	RtlGetAppContainerNamedObjectPath [0x0x77d182ae+286]
	RtlGetAppContainerNamedObjectPath [0x0x77d1827e+238]

2025-07-22 22:45:05,235 - All Chrome initialization attempts failed:
undetected_chromedriver error: Message: session not created: cannot connect to chrome at 127.0.0.1:50875
from chrome not reachable; For documentation on this error, please visit: https://www.selenium.dev/documentation/webdriver/troubleshooting/errors#sessionnotcreatedexception
Stacktrace:
	GetHandleVerifier [0x0x11d1a33+62339]
	GetHandleVerifier [0x0x11d1a74+62404]
	(No symbol) [0x0x1011f80]
	(No symbol) [0x0x1005f2a]
	(No symbol) [0x0x104adc6]
	(No symbol) [0x0x104128f]
	(No symbol) [0x0x10410c6]
	(No symbol) [0x0x108ae77]
	(No symbol) [0x0x108a76a]
	(No symbol) [0x0x107f1b6]
	(No symbol) [0x0x104e7a2]
	(No symbol) [0x0x104f644]
	GetHandleVerifier [0x0x14465c3+2637587]
	GetHandleVerifier [0x0x14419ca+2618138]
	GetHandleVerifier [0x0x11f84aa+220666]
	GetHandleVerifier [0x0x11e88d8+156200]
	GetHandleVerifier [0x0x11ef06d+182717]
	GetHandleVerifier [0x0x11d9978+94920]
	GetHandleVerifier [0x0x11d9b02+95314]
	GetHandleVerifier [0x0x11c4c4a+9626]
	BaseThreadInitThunk [0x0x76b7fcc9+25]
	RtlGetAppContainerNamedObjectPath [0x0x77d182ae+286]
	RtlGetAppContainerNamedObjectPath [0x0x77d1827e+238]

2025-07-22 22:45:05,235 - 127.0.0.1 - - [22/Jul/2025 22:45:05] "[35m[1mPOST /api/trade/stealth HTTP/1.1[0m" 500 -
2025-07-22 22:48:44,543 -  * Detected change in 'C:\\Users\\Admin\\Downloads\\ai-trading-sentinel\\backend\\utils\\executor_stealth.py', reloading
2025-07-22 22:48:44,654 -  * Detected change in 'C:\\Users\\Admin\\Downloads\\ai-trading-sentinel\\backend\\utils\\executor_stealth.py', reloading
2025-07-22 22:48:44,656 - ensuring close
2025-07-22 22:48:44,751 -  * Restarting with stat
2025-07-22 22:48:44,891 -  * Restarting with stat
2025-07-22 22:48:47,728 -  * Debugger is active!
2025-07-22 22:48:47,732 -  * Debugger PIN: 565-398-933
2025-07-22 22:48:48,443 -  * Debugger is active!
2025-07-22 22:48:48,451 -  * Debugger PIN: 565-398-933
2025-07-22 22:48:56,555 -  * Detected change in 'C:\\Users\\Admin\\Downloads\\ai-trading-sentinel\\backend\\utils\\executor_stealth.py', reloading
2025-07-22 22:48:56,690 -  * Restarting with stat
2025-07-22 22:48:56,808 -  * Detected change in 'C:\\Users\\Admin\\Downloads\\ai-trading-sentinel\\backend\\utils\\executor_stealth.py', reloading
2025-07-22 22:48:56,975 -  * Restarting with stat
2025-07-22 22:48:59,559 -  * Debugger is active!
2025-07-22 22:48:59,566 -  * Debugger PIN: 565-398-933
2025-07-22 22:48:59,841 -  * Debugger is active!
2025-07-22 22:48:59,848 -  * Debugger PIN: 565-398-933
2025-07-22 22:49:18,764 -  * Detected change in 'C:\\Users\\Admin\\Downloads\\ai-trading-sentinel\\backend\\utils\\executor_stealth.py', reloading
2025-07-22 22:49:18,984 -  * Restarting with stat
2025-07-22 22:49:19,070 -  * Detected change in 'C:\\Users\\Admin\\Downloads\\ai-trading-sentinel\\backend\\utils\\executor_stealth.py', reloading
2025-07-22 22:49:19,293 -  * Restarting with stat
2025-07-22 22:49:22,110 -  * Debugger is active!
2025-07-22 22:49:22,115 -  * Debugger PIN: 565-398-933
2025-07-22 22:49:22,351 -  * Debugger is active!
2025-07-22 22:49:22,360 -  * Debugger PIN: 565-398-933
2025-07-22 22:49:54,404 -  * Detected change in 'C:\\Users\\Admin\\Downloads\\ai-trading-sentinel\\backend\\utils\\executor_stealth.py', reloading
2025-07-22 22:49:54,617 -  * Detected change in 'C:\\Users\\Admin\\Downloads\\ai-trading-sentinel\\backend\\utils\\executor_stealth.py', reloading
2025-07-22 22:49:54,659 -  * Restarting with stat
2025-07-22 22:49:54,941 -  * Restarting with stat
2025-07-22 22:49:59,497 -  * Debugger is active!
2025-07-22 22:49:59,509 -  * Debugger PIN: 565-398-933
2025-07-22 22:50:00,106 -  * Debugger is active!
2025-07-22 22:50:00,118 -  * Debugger PIN: 565-398-933
2025-07-22 22:50:30,490 -  * Detected change in 'C:\\Users\\Admin\\Downloads\\ai-trading-sentinel\\backend\\utils\\executor_stealth.py', reloading
2025-07-22 22:50:30,668 -  * Restarting with stat
2025-07-22 22:50:30,913 -  * Detected change in 'C:\\Users\\Admin\\Downloads\\ai-trading-sentinel\\backend\\utils\\executor_stealth.py', reloading
2025-07-22 22:50:31,258 -  * Restarting with stat
2025-07-22 22:50:35,481 -  * Debugger is active!
2025-07-22 22:50:35,492 -  * Debugger PIN: 565-398-933
2025-07-22 22:50:35,492 -  * Debugger is active!
2025-07-22 22:50:35,500 -  * Debugger PIN: 565-398-933
2025-07-22 22:51:31,132 - 127.0.0.1 - - [22/Jul/2025 22:51:31] "[35m[1mPOST /api/trade/stealth HTTP/1.1[0m" 500 -
2025-07-22 22:52:05,183 -  * Detected change in 'C:\\Users\\Admin\\Downloads\\ai-trading-sentinel\\backend\\utils\\executor_stealth.py', reloading
2025-07-22 22:52:05,191 -  * Detected change in 'C:\\Users\\Admin\\Downloads\\ai-trading-sentinel\\backend\\utils\\executor_stealth.py', reloading
2025-07-22 22:52:05,483 -  * Restarting with stat
2025-07-22 22:52:05,501 -  * Restarting with stat
2025-07-22 22:52:09,362 -  * Debugger is active!
2025-07-22 22:52:09,373 -  * Debugger PIN: 565-398-933
2025-07-22 22:52:09,373 -  * Debugger is active!
2025-07-22 22:52:09,387 -  * Debugger PIN: 565-398-933
2025-07-22 22:52:20,430 - ChromeDriver not found at: D:\aibot\chromedriver-win64\chromedriver-win64\chromedriver.exe
2025-07-22 22:52:20,433 - Found ChromeDriver at: C:\Program Files\chromedriver.exe
2025-07-22 22:52:20,433 - Using Chrome profile: C:\Users\Admin\AppData\Local\Google\Chrome\User Data with profile Profile 13
2025-07-22 22:52:20,433 - Attempt 1: Using standard Selenium with Chrome profile at C:\Users\Admin\AppData\Local\Google\Chrome\User Data
2025-07-22 22:52:23,636 - Failed to initialize Chrome with profile: Message: session not created: Chrome failed to start: crashed.
  (session not created: DevToolsActivePort file doesn't exist)
  (The process started from chrome location C:\Program Files\Google\Chrome\Application\chrome.exe is no longer running, so ChromeDriver is assuming that Chrome has crashed.); For documentation on this error, please visit: https://www.selenium.dev/documentation/webdriver/troubleshooting/errors#sessionnotcreatedexception
Stacktrace:
	GetHandleVerifier [0x00007FF6DE7D5335+78597]
	GetHandleVerifier [0x00007FF6DE7D5390+78688]
	(No symbol) [0x00007FF6DE5891AA]
	(No symbol) [0x00007FF6DE5C5DAF]
	(No symbol) [0x00007FF6DE5C1A5D]
	(No symbol) [0x00007FF6DE6151E5]
	(No symbol) [0x00007FF6DE6147A0]
	(No symbol) [0x00007FF6DE606EC3]
	(No symbol) [0x00007FF6DE5D03F8]
	(No symbol) [0x00007FF6DE5D1163]
	GetHandleVerifier [0x00007FF6DEA7EEED+2870973]
	GetHandleVerifier [0x00007FF6DEA79698+2848360]
	GetHandleVerifier [0x00007FF6DEA96973+2967875]
	GetHandleVerifier [0x00007FF6DE7F017A+188746]
	GetHandleVerifier [0x00007FF6DE7F845F+222255]
	GetHandleVerifier [0x00007FF6DE7DD2B4+111236]
	GetHandleVerifier [0x00007FF6DE7DD462+111666]
	GetHandleVerifier [0x00007FF6DE7C3589+5465]
	BaseThreadInitThunk [0x00007FFE84AB7374+20]
	RtlUserThreadStart [0x00007FFE86A5CC91+33]

2025-07-22 22:52:23,637 - Attempt 2: Using standard Selenium without profile
2025-07-22 22:52:26,982 - Failed to initialize Chrome without profile: Message: session not created: This version of ChromeDriver only supports Chrome version 135
Current browser version is 138.0.7204.158 with binary path C:\Program Files\Google\Chrome\Application\chrome.exe; For documentation on this error, please visit: https://www.selenium.dev/documentation/webdriver/troubleshooting/errors#sessionnotcreatedexception
Stacktrace:
	GetHandleVerifier [0x00007FF6DE7D5335+78597]
	GetHandleVerifier [0x00007FF6DE7D5390+78688]
	(No symbol) [0x00007FF6DE5891AA]
	(No symbol) [0x00007FF6DE5CD1CF]
	(No symbol) [0x00007FF6DE5CC21B]
	(No symbol) [0x00007FF6DE5C65A8]
	(No symbol) [0x00007FF6DE5C1A5D]
	(No symbol) [0x00007FF6DE6151E5]
	(No symbol) [0x00007FF6DE6147A0]
	(No symbol) [0x00007FF6DE606EC3]
	(No symbol) [0x00007FF6DE5D03F8]
	(No symbol) [0x00007FF6DE5D1163]
	GetHandleVerifier [0x00007FF6DEA7EEED+2870973]
	GetHandleVerifier [0x00007FF6DEA79698+2848360]
	GetHandleVerifier [0x00007FF6DEA96973+2967875]
	GetHandleVerifier [0x00007FF6DE7F017A+188746]
	GetHandleVerifier [0x00007FF6DE7F845F+222255]
	GetHandleVerifier [0x00007FF6DE7DD2B4+111236]
	GetHandleVerifier [0x00007FF6DE7DD462+111666]
	GetHandleVerifier [0x00007FF6DE7C3589+5465]
	BaseThreadInitThunk [0x00007FFE84AB7374+20]
	RtlUserThreadStart [0x00007FFE86A5CC91+33]

2025-07-22 22:52:26,982 - Attempt 3: Using undetected_chromedriver
2025-07-22 22:52:39,856 - patching driver executable C:\Users\Admin\appdata\roaming\undetected_chromedriver\undetected_chromedriver.exe
2025-07-22 22:53:45,442 - Failed to initialize undetected_chromedriver: Message: session not created: cannot connect to chrome at 127.0.0.1:52035
from chrome not reachable; For documentation on this error, please visit: https://www.selenium.dev/documentation/webdriver/troubleshooting/errors#sessionnotcreatedexception
Stacktrace:
	GetHandleVerifier [0x0xb61a33+62339]
	GetHandleVerifier [0x0xb61a74+62404]
	(No symbol) [0x0x9a1f80]
	(No symbol) [0x0x995f2a]
	(No symbol) [0x0x9dadc6]
	(No symbol) [0x0x9d128f]
	(No symbol) [0x0x9d10c6]
	(No symbol) [0x0xa1ae77]
	(No symbol) [0x0xa1a76a]
	(No symbol) [0x0xa0f1b6]
	(No symbol) [0x0x9de7a2]
	(No symbol) [0x0x9df644]
	GetHandleVerifier [0x0xdd65c3+2637587]
	GetHandleVerifier [0x0xdd19ca+2618138]
	GetHandleVerifier [0x0xb884aa+220666]
	GetHandleVerifier [0x0xb788d8+156200]
	GetHandleVerifier [0x0xb7f06d+182717]
	GetHandleVerifier [0x0xb69978+94920]
	GetHandleVerifier [0x0xb69b02+95314]
	GetHandleVerifier [0x0xb54c4a+9626]
	BaseThreadInitThunk [0x0x76b7fcc9+25]
	RtlGetAppContainerNamedObjectPath [0x0x77d182ae+286]
	RtlGetAppContainerNamedObjectPath [0x0x77d1827e+238]

2025-07-22 22:53:45,444 - All Chrome initialization attempts failed:
Standard Selenium with profile error: Message: session not created: Chrome failed to start: crashed.
  (session not created: DevToolsActivePort file doesn't exist)
  (The process started from chrome location C:\Program Files\Google\Chrome\Application\chrome.exe is no longer running, so ChromeDriver is assuming that Chrome has crashed.); For documentation on this error, please visit: https://www.selenium.dev/documentation/webdriver/troubleshooting/errors#sessionnotcreatedexception
Stacktrace:
	GetHandleVerifier [0x00007FF6DE7D5335+78597]
	GetHandleVerifier [0x00007FF6DE7D5390+78688]
	(No symbol) [0x00007FF6DE5891AA]
	(No symbol) [0x00007FF6DE5C5DAF]
	(No symbol) [0x00007FF6DE5C1A5D]
	(No symbol) [0x00007FF6DE6151E5]
	(No symbol) [0x00007FF6DE6147A0]
	(No symbol) [0x00007FF6DE606EC3]
	(No symbol) [0x00007FF6DE5D03F8]
	(No symbol) [0x00007FF6DE5D1163]
	GetHandleVerifier [0x00007FF6DEA7EEED+2870973]
	GetHandleVerifier [0x00007FF6DEA79698+2848360]
	GetHandleVerifier [0x00007FF6DEA96973+2967875]
	GetHandleVerifier [0x00007FF6DE7F017A+188746]
	GetHandleVerifier [0x00007FF6DE7F845F+222255]
	GetHandleVerifier [0x00007FF6DE7DD2B4+111236]
	GetHandleVerifier [0x00007FF6DE7DD462+111666]
	GetHandleVerifier [0x00007FF6DE7C3589+5465]
	BaseThreadInitThunk [0x00007FFE84AB7374+20]
	RtlUserThreadStart [0x00007FFE86A5CC91+33]

Standard Selenium without profile error: Message: session not created: This version of ChromeDriver only supports Chrome version 135
Current browser version is 138.0.7204.158 with binary path C:\Program Files\Google\Chrome\Application\chrome.exe; For documentation on this error, please visit: https://www.selenium.dev/documentation/webdriver/troubleshooting/errors#sessionnotcreatedexception
Stacktrace:
	GetHandleVerifier [0x00007FF6DE7D5335+78597]
	GetHandleVerifier [0x00007FF6DE7D5390+78688]
	(No symbol) [0x00007FF6DE5891AA]
	(No symbol) [0x00007FF6DE5CD1CF]
	(No symbol) [0x00007FF6DE5CC21B]
	(No symbol) [0x00007FF6DE5C65A8]
	(No symbol) [0x00007FF6DE5C1A5D]
	(No symbol) [0x00007FF6DE6151E5]
	(No symbol) [0x00007FF6DE6147A0]
	(No symbol) [0x00007FF6DE606EC3]
	(No symbol) [0x00007FF6DE5D03F8]
	(No symbol) [0x00007FF6DE5D1163]
	GetHandleVerifier [0x00007FF6DEA7EEED+2870973]
	GetHandleVerifier [0x00007FF6DEA79698+2848360]
	GetHandleVerifier [0x00007FF6DEA96973+2967875]
	GetHandleVerifier [0x00007FF6DE7F017A+188746]
	GetHandleVerifier [0x00007FF6DE7F845F+222255]
	GetHandleVerifier [0x00007FF6DE7DD2B4+111236]
	GetHandleVerifier [0x00007FF6DE7DD462+111666]
	GetHandleVerifier [0x00007FF6DE7C3589+5465]
	BaseThreadInitThunk [0x00007FFE84AB7374+20]
	RtlUserThreadStart [0x00007FFE86A5CC91+33]

undetected_chromedriver error: Message: session not created: cannot connect to chrome at 127.0.0.1:52035
from chrome not reachable; For documentation on this error, please visit: https://www.selenium.dev/documentation/webdriver/troubleshooting/errors#sessionnotcreatedexception
Stacktrace:
	GetHandleVerifier [0x0xb61a33+62339]
	GetHandleVerifier [0x0xb61a74+62404]
	(No symbol) [0x0x9a1f80]
	(No symbol) [0x0x995f2a]
	(No symbol) [0x0x9dadc6]
	(No symbol) [0x0x9d128f]
	(No symbol) [0x0x9d10c6]
	(No symbol) [0x0xa1ae77]
	(No symbol) [0x0xa1a76a]
	(No symbol) [0x0xa0f1b6]
	(No symbol) [0x0x9de7a2]
	(No symbol) [0x0x9df644]
	GetHandleVerifier [0x0xdd65c3+2637587]
	GetHandleVerifier [0x0xdd19ca+2618138]
	GetHandleVerifier [0x0xb884aa+220666]
	GetHandleVerifier [0x0xb788d8+156200]
	GetHandleVerifier [0x0xb7f06d+182717]
	GetHandleVerifier [0x0xb69978+94920]
	GetHandleVerifier [0x0xb69b02+95314]
	GetHandleVerifier [0x0xb54c4a+9626]
	BaseThreadInitThunk [0x0x76b7fcc9+25]
	RtlGetAppContainerNamedObjectPath [0x0x77d182ae+286]
	RtlGetAppContainerNamedObjectPath [0x0x77d1827e+238]

2025-07-22 22:53:45,446 - 127.0.0.1 - - [22/Jul/2025 22:53:45] "[35m[1mPOST /api/trade/stealth HTTP/1.1[0m" 500 -
2025-07-22 22:55:12,910 -  * Detected change in 'C:\\Users\\Admin\\Downloads\\ai-trading-sentinel\\backend\\utils\\executor_stealth.py', reloading
2025-07-22 22:55:12,912 - ensuring close
2025-07-22 22:55:13,144 -  * Restarting with stat
2025-07-22 22:55:13,627 -  * Detected change in 'C:\\Users\\Admin\\Downloads\\ai-trading-sentinel\\backend\\utils\\executor_stealth.py', reloading
2025-07-22 22:55:13,883 -  * Restarting with stat
2025-07-22 22:55:18,035 -  * Debugger is active!
2025-07-22 22:55:18,047 -  * Debugger PIN: 565-398-933
2025-07-22 22:55:18,402 -  * Debugger is active!
2025-07-22 22:55:18,408 -  * Debugger PIN: 565-398-933
2025-07-22 22:55:48,366 -  * Detected change in 'C:\\Users\\Admin\\Downloads\\ai-trading-sentinel\\backend\\utils\\executor_stealth.py', reloading
2025-07-22 22:55:48,510 -  * Restarting with stat
2025-07-22 22:55:48,614 -  * Detected change in 'C:\\Users\\Admin\\Downloads\\ai-trading-sentinel\\backend\\utils\\executor_stealth.py', reloading
2025-07-22 22:55:48,770 -  * Restarting with stat
2025-07-22 22:55:52,024 -  * Debugger is active!
2025-07-22 22:55:52,035 -  * Debugger PIN: 565-398-933
2025-07-22 22:55:52,295 -  * Debugger is active!
2025-07-22 22:55:52,302 -  * Debugger PIN: 565-398-933
2025-07-22 22:59:18,351 -  * Detected change in 'C:\\Users\\Admin\\Downloads\\ai-trading-sentinel\\backend\\utils\\executor_stealth.py', reloading
2025-07-22 22:59:18,979 -  * Restarting with stat
2025-07-22 22:59:22,032 -  * Debugger is active!
2025-07-22 22:59:22,036 -  * Debugger is active!
2025-07-22 22:59:22,038 -  * Debugger PIN: 565-398-933
2025-07-22 22:59:22,042 -  * Debugger PIN: 565-398-933
2025-07-22 22:59:28,784 -  * Detected change in 'C:\\Users\\Admin\\Downloads\\ai-trading-sentinel\\backend\\utils\\executor_stealth.py', reloading
2025-07-22 22:59:28,785 -  * Detected change in 'C:\\Users\\Admin\\Downloads\\ai-trading-sentinel\\backend\\utils\\executor_stealth.py', reloading
2025-07-22 22:59:29,029 -  * Restarting with stat
2025-07-22 22:59:29,029 -  * Restarting with stat
2025-07-22 22:59:31,702 -  * Debugger is active!
2025-07-22 22:59:31,708 -  * Debugger is active!
2025-07-22 22:59:31,709 -  * Debugger PIN: 565-398-933
2025-07-22 22:59:31,716 -  * Debugger PIN: 565-398-933
2025-07-23 01:30:55,972 - [31m[1mWARNING: This is a development server. Do not use it in a production deployment. Use a production WSGI server instead.[0m
 * Running on all addresses (0.0.0.0)
 * Running on http://127.0.0.1:5000
 * Running on http://10.234.238.55:5000
2025-07-23 01:30:55,972 - [33mPress CTRL+C to quit[0m
2025-07-23 01:30:55,974 -  * Restarting with stat
2025-07-23 01:30:57,998 -  * Debugger is active!
2025-07-23 01:30:58,002 -  * Debugger PIN: 565-398-933
2025-07-23 01:38:49,627 - [31m[1mWARNING: This is a development server. Do not use it in a production deployment. Use a production WSGI server instead.[0m
 * Running on all addresses (0.0.0.0)
 * Running on http://127.0.0.1:5000
 * Running on http://10.234.238.55:5000
2025-07-23 01:38:49,628 - [33mPress CTRL+C to quit[0m
2025-07-23 01:38:49,631 -  * Restarting with stat
2025-07-23 01:38:52,852 -  * Debugger is active!
2025-07-23 01:38:52,866 -  * Debugger PIN: 565-398-933
2025-07-23 09:56:58,373 - [31m[1mWARNING: This is a development server. Do not use it in a production deployment. Use a production WSGI server instead.[0m
 * Running on all addresses (0.0.0.0)
 * Running on http://127.0.0.1:5000
 * Running on http://10.235.224.55:5000
2025-07-23 09:56:58,374 - [33mPress CTRL+C to quit[0m
2025-07-23 09:56:58,377 -  * Restarting with stat
2025-07-23 09:57:00,011 -  * Debugger is active!
2025-07-23 09:57:00,016 -  * Debugger PIN: 565-398-933
2025-07-23 10:08:13,550 - [31m[1mWARNING: This is a development server. Do not use it in a production deployment. Use a production WSGI server instead.[0m
 * Running on all addresses (0.0.0.0)
 * Running on http://127.0.0.1:5000
 * Running on http://10.235.224.55:5000
2025-07-23 10:08:13,550 - [33mPress CTRL+C to quit[0m
2025-07-23 10:08:13,553 -  * Restarting with stat
2025-07-23 10:08:15,436 -  * Debugger is active!
2025-07-23 10:08:15,440 -  * Debugger PIN: 565-398-933
